  LLL-2.cpp
C:\Users\Матвей\source\repos\LLL-2\LLL-2\LLL-2.cpp(101,33): warning C4244: =: преобразование "int" в "_type", возможна потеря данных
C:\Users\Матвей\source\repos\LLL-2\LLL-2\LLL-2.cpp(115,13): warning C4244: инициализация: преобразование "T" в "int", возможна потеря данных
          with
          [
              T=_type
          ]
C:\Users\Матвей\source\repos\LLL-2\LLL-2\LLL-2.cpp(125,23): warning C4018: <: несоответствие типов со знаком и без знака
C:\Users\Матвей\source\repos\LLL-2\LLL-2\LLL-2.cpp(127,27): warning C4018: <: несоответствие типов со знаком и без знака
C:\Users\Матвей\source\repos\LLL-2\LLL-2\LLL-2.cpp(133,23): warning C4018: <: несоответствие типов со знаком и без знака
C:\Users\Матвей\source\repos\LLL-2\LLL-2\LLL-2.cpp(134,27): warning C4018: <: несоответствие типов со знаком и без знака
C:\Users\Матвей\source\repos\LLL-2\LLL-2\LLL-2.cpp(160,26): warning C4018: <: несоответствие типов со знаком и без знака
C:\Users\Матвей\source\repos\LLL-2\LLL-2\LLL-2.cpp(162,30): warning C4018: <: несоответствие типов со знаком и без знака
C:\Users\Матвей\source\repos\LLL-2\LLL-2\LLL-2.cpp(257,23): warning C4018: <: несоответствие типов со знаком и без знака
C:\Users\Матвей\source\repos\LLL-2\LLL-2\LLL-2.cpp(258,35): warning C4244: =: преобразование "const _Ty" в "_Ty", возможна потеря данных
          with
          [
              _Ty=int
          ]
          and
          [
              _Ty=_type
          ]
C:\Users\Матвей\source\repos\LLL-2\LLL-2\LLL-2.cpp(260,23): warning C4018: <: несоответствие типов со знаком и без знака
C:\Users\Матвей\source\repos\LLL-2\LLL-2\LLL-2.cpp(338,30): warning C4244: return: преобразование "_Ty" в "__int64", возможна потеря данных
          with
          [
              _Ty=double
          ]
C:\Users\Матвей\source\repos\LLL-2\LLL-2\LLL-2.cpp(348,23): warning C4018: <: несоответствие типов со знаком и без знака
C:\Users\Матвей\source\repos\LLL-2\LLL-2\LLL-2.cpp(350,31): warning C4018: <: несоответствие типов со знаком и без знака
C:\Users\Матвей\source\repos\LLL-2\LLL-2\LLL-2.cpp(352,21): warning C4244: инициализация: преобразование "double" в "float", возможна потеря данных
C:\Users\Матвей\source\repos\LLL-2\LLL-2\LLL-2.cpp(357,16): warning C4244: return: преобразование "double" в "int", возможна потеря данных
C:\Users\Матвей\source\repos\LLL-2\LLL-2\LLL-2.cpp(368,27): warning C4018: <: несоответствие типов со знаком и без знака
C:\Users\Матвей\source\repos\LLL-2\LLL-2\LLL-2.cpp(372,22): warning C4244: инициализация: преобразование "double" в "float", возможна потеря данных
C:\Users\Матвей\source\repos\LLL-2\LLL-2\LLL-2.cpp(373,22): warning C4244: инициализация: преобразование "double" в "float", возможна потеря данных
C:\Users\Матвей\source\repos\LLL-2\LLL-2\LLL-2.cpp(389,20): warning C4244: инициализация: преобразование "_Ty" в "int", возможна потеря данных
          with
          [
              _Ty=_type
          ]
C:\Users\Матвей\source\repos\LLL-2\LLL-2\LLL-2.cpp(390,20): warning C4244: инициализация: преобразование "_Ty" в "int", возможна потеря данных
          with
          [
              _Ty=_type
          ]
C:\Users\Матвей\source\repos\LLL-2\LLL-2\LLL-2.cpp(394,20): warning C4804: <: небезопасное использование типа "bool" в операции
C:\Users\Матвей\source\repos\LLL-2\LLL-2\LLL-2.cpp(394,71): warning C4804: <: небезопасное использование типа "bool" в операции
C:\Users\Матвей\source\repos\LLL-2\LLL-2\LLL-2.cpp(404,20): warning C4244: инициализация: преобразование "_Ty" в "int", возможна потеря данных
          with
          [
              _Ty=_type
          ]
C:\Users\Матвей\source\repos\LLL-2\LLL-2\LLL-2.cpp(405,20): warning C4244: инициализация: преобразование "_Ty" в "int", возможна потеря данных
          with
          [
              _Ty=_type
          ]
C:\Users\Матвей\source\repos\LLL-2\LLL-2\LLL-2.cpp(406,20): warning C4244: инициализация: преобразование "_Ty" в "int", возможна потеря данных
          with
          [
              _Ty=_type
          ]
C:\Users\Матвей\source\repos\LLL-2\LLL-2\LLL-2.cpp(411,24): warning C4804: <: небезопасное использование типа "bool" в операции
C:\Users\Матвей\source\repos\LLL-2\LLL-2\LLL-2.cpp(411,75): warning C4804: <: небезопасное использование типа "bool" в операции
C:\Users\Матвей\source\repos\LLL-2\LLL-2\LLL-2.cpp(515,23): warning C4018: <: несоответствие типов со знаком и без знака
C:\Users\Матвей\source\repos\LLL-2\LLL-2\LLL-2.cpp(527,33): warning C4244: =: преобразование "int" в "_Ty", возможна потеря данных
          with
          [
              _Ty=_type
          ]
C:\Users\Матвей\source\repos\LLL-2\LLL-2\LLL-2.cpp(582,23): warning C4018: <: несоответствие типов со знаком и без знака
C:\Users\Матвей\source\repos\LLL-2\LLL-2\LLL-2.cpp(594,15): warning C4244: аргумент: преобразование "time_t" в "unsigned int", возможна потеря данных
C:\Users\Матвей\source\repos\LLL-2\LLL-2\LLL-2.cpp(599,21): warning C4244: инициализация: преобразование "int" в "float", возможна потеря данных
C:\Users\Матвей\source\repos\LLL-2\LLL-2\LLL-2.cpp(600,45): warning C4244: =: преобразование "float" в "int", возможна потеря данных
C:\Users\Матвей\source\repos\LLL-2\LLL-2\LLL-2.cpp(632,13): warning C4244: инициализация: преобразование "double" в "int", возможна потеря данных
C:\Users\Матвей\source\repos\LLL-2\LLL-2\LLL-2.cpp(143,23): warning C4018: <: несоответствие типов со знаком и без знака
C:\Users\Матвей\source\repos\LLL-2\LLL-2\LLL-2.cpp(246): message : выполняется компиляция ссылки на экземпляр шаблон функции "double dotProduct<_type,_type>(const std::vector<_type,std::allocator<_type>> &,const std::vector<_type,std::allocator<_type>> &)"
C:\Users\Матвей\source\repos\LLL-2\LLL-2\LLL-2.cpp(152,1): warning C4244: *=: преобразование "const double" в "float", возможна потеря данных
C:\Users\Матвей\source\repos\LLL-2\LLL-2\LLL-2.cpp(246): message : выполняется компиляция ссылки на экземпляр шаблон функции "std::vector<_type,std::allocator<_type>> operator *<_type>(const double &,const std::vector<_type,std::allocator<_type>> &)"
C:\Users\Матвей\source\repos\LLL-2\LLL-2\LLL-2.cpp(172,23): warning C4018: <: несоответствие типов со знаком и без знака
C:\Users\Матвей\source\repos\LLL-2\LLL-2\LLL-2.cpp(262): message : выполняется компиляция ссылки на экземпляр шаблон функции "std::vector<_type,std::allocator<_type>> subtract<int,_type>(const std::vector<int,std::allocator<int>> &,const std::vector<_type,std::allocator<_type>> &)"
C:\Users\Матвей\source\repos\LLL-2\LLL-2\LLL-2.cpp(179,23): warning C4018: <: несоответствие типов со знаком и без знака
C:\Users\Матвей\source\repos\LLL-2\LLL-2\LLL-2.cpp(272): message : выполняется компиляция ссылки на экземпляр шаблон функции "std::vector<_type,std::allocator<_type>> operator -<_type,_type>(const std::vector<_type,std::allocator<_type>> &,const std::vector<_type,std::allocator<_type>> &)"
C:\Users\Матвей\source\repos\LLL-2\LLL-2\LLL-2.cpp(328,14): warning C4244: return: преобразование "double" в "float", возможна потеря данных
C:\Users\Матвей\source\repos\LLL-2\LLL-2\LLL-2.cpp(342): message : выполняется компиляция ссылки на экземпляр шаблон функции "float mu<int,_type>(std::vector<int,std::allocator<int>> &,std::vector<_type,std::allocator<_type>> &)"
C:\Users\Матвей\source\repos\LLL-2\LLL-2\LLL-2.cpp(152,1): warning C4244: *=: преобразование "const double" в "int", возможна потеря данных
C:\Users\Матвей\source\repos\LLL-2\LLL-2\LLL-2.cpp(342): message : выполняется компиляция ссылки на экземпляр шаблон функции "std::vector<int,std::allocator<int>> operator *<int>(const double &,const std::vector<int,std::allocator<int>> &)"
C:\Users\Матвей\source\repos\LLL-2\LLL-2\LLL-2.cpp(320,71): warning C4244: return: преобразование "_Ty" в "float", возможна потеря данных
          with
          [
              _Ty=int
          ]
C:\Users\Матвей\source\repos\LLL-2\LLL-2\LLL-2.cpp(374): message : выполняется компиляция ссылки на экземпляр шаблон функции "float mu<int>(int,int,std::vector<std::vector<int,std::allocator<int>>,std::allocator<std::vector<int,std::allocator<int>>>> *,std::vector<std::vector<_type,std::allocator<_type>>,std::allocator<std::vector<_type,std::allocator<_type>>>> *)"
C:\Users\Матвей\source\repos\LLL-2\LLL-2\LLL-2.cpp(233,23): warning C4018: <: несоответствие типов со знаком и без знака
C:\Users\Матвей\source\repos\LLL-2\LLL-2\LLL-2.cpp(388): message : выполняется компиляция ссылки на экземпляр шаблон функции "std::vector<_type,std::allocator<_type>> operator +<_type>(const std::vector<_type,std::allocator<_type>> &,const std::vector<_type,std::allocator<_type>> &)"
C:\Users\Матвей\source\repos\LLL-2\LLL-2\LLL-2.cpp(191,39): warning C4018: <: несоответствие типов со знаком и без знака
C:\Users\Матвей\source\repos\LLL-2\LLL-2\LLL-2.cpp(457): message : выполняется компиляция ссылки на экземпляр шаблон функции "bool operator ==<int>(const std::vector<int,std::allocator<int>> &,const std::vector<int,std::allocator<int>> &)"
C:\Users\Матвей\source\repos\LLL-2\LLL-2\LLL-2.cpp(203,39): warning C4018: <: несоответствие типов со знаком и без знака
C:\Users\Матвей\source\repos\LLL-2\LLL-2\LLL-2.cpp(215,35): warning C4018: <: несоответствие типов со знаком и без знака
F:\programs\visual studio\VC\Tools\MSVC\14.25.28610\include\numeric(137,26): warning C4244: =: преобразование "_Ty2" в "_Ty", возможна потеря данных
          with
          [
              _Ty2=float
          ]
          and
          [
              _Ty=int
          ]
F:\programs\visual studio\VC\Tools\MSVC\14.25.28610\include\numeric(158): message : выполняется компиляция ссылки на экземпляр шаблон функции "_Ty std::inner_product<_InIt1,_InIt2,int,std::plus<void>,std::multiplies<void>>(_InIt1,_InIt1,_InIt2,_Ty,_BinOp1,_BinOp2)"
          with
          [
              _Ty=int,
              _InIt1=std::_Vector_iterator<std::_Vector_val<std::_Simple_types<int>>>,
              _InIt2=std::_Vector_iterator<std::_Vector_val<std::_Simple_types<_type>>>,
              _BinOp1=std::plus<void>,
              _BinOp2=std::multiplies<void>
          ]
C:\Users\Матвей\source\repos\LLL-2\LLL-2\LLL-2.cpp(320): message : выполняется компиляция ссылки на экземпляр шаблон функции "_Ty std::inner_product<std::_Vector_iterator<std::_Vector_val<std::_Simple_types<_Ty>>>,std::_Vector_iterator<std::_Vector_val<std::_Simple_types<float>>>,T>(const _InIt1,const _InIt1,const _InIt2,_Ty)"
          with
          [
              _Ty=int,
              T=int,
              _InIt1=std::_Vector_iterator<std::_Vector_val<std::_Simple_types<int>>>,
              _InIt2=std::_Vector_iterator<std::_Vector_val<std::_Simple_types<_type>>>
          ]
C:\Users\Матвей\source\repos\LLL-2\LLL-2\LLL-2.cpp(374): message : выполняется компиляция ссылки на экземпляр шаблон функции "float mu<int>(int,int,std::vector<std::vector<int,std::allocator<int>>,std::allocator<std::vector<int,std::allocator<int>>>> *,std::vector<std::vector<_type,std::allocator<_type>>,std::allocator<std::vector<_type,std::allocator<_type>>>> *)"
  LLL-2.vcxproj -> C:\Users\Матвей\source\repos\LLL-2\Debug\LLL-2.exe
