c:\users\матвей\source\repos\lll-2\lll-2\debug\lll-2.obj
c:\users\матвей\source\repos\lll-2\lll-2\debug\vc142.pdb
c:\users\71c7~1\appdata\local\temp\lnk{92330e93-46e9-4166-94a8-58b489b20230}.tmp
c:\users\матвей\source\repos\lll-2\debug\lll-2.ilk
c:\users\матвей\source\repos\lll-2\debug\lll-2.exe
c:\users\матвей\source\repos\lll-2\debug\lll-2.pdb
c:\users\матвей\source\repos\lll-2\lll-2\debug\lll-2.tlog\icl-mcpcom.read.1.tlog
c:\users\матвей\source\repos\lll-2\lll-2\debug\lll-2.tlog\icl-mcpcom.write.1.tlog
c:\users\матвей\source\repos\lll-2\lll-2\debug\lll-2.tlog\icl.command.1.tlog
c:\users\матвей\source\repos\lll-2\lll-2\debug\lll-2.tlog\icl.read.1.tlog
c:\users\матвей\source\repos\lll-2\lll-2\debug\lll-2.tlog\icl.write.1.tlog
c:\users\матвей\source\repos\lll-2\lll-2\debug\lll-2.tlog\xilink-link-cvtres.read.1.tlog
c:\users\матвей\source\repos\lll-2\lll-2\debug\lll-2.tlog\xilink-link-cvtres.write.1.tlog
c:\users\матвей\source\repos\lll-2\lll-2\debug\lll-2.tlog\xilink-link-rc.read.1.tlog
c:\users\матвей\source\repos\lll-2\lll-2\debug\lll-2.tlog\xilink-link-rc.write.1.tlog
c:\users\матвей\source\repos\lll-2\lll-2\debug\lll-2.tlog\xilink-link.read.1.tlog
c:\users\матвей\source\repos\lll-2\lll-2\debug\lll-2.tlog\xilink-link.read.2.tlog
c:\users\матвей\source\repos\lll-2\lll-2\debug\lll-2.tlog\xilink-link.write.1.tlog
c:\users\матвей\source\repos\lll-2\lll-2\debug\lll-2.tlog\xilink.command.1.tlog
c:\users\матвей\source\repos\lll-2\lll-2\debug\lll-2.tlog\xilink.read.1.tlog
c:\users\матвей\source\repos\lll-2\lll-2\debug\lll-2.tlog\xilink.write.1.tlog
